0 silly argv { _: [ 'publish' ],
0 silly argv   composed: 'publish',
0 silly argv   lernaVersion: '3.10.5',
0 silly argv   '$0': 'lerna' }
1 notice cli v3.10.5
2 verbose rootPath /Users/wangyangtao/Documents/workspace/lerna-demo
3 verbose session 610bfc7b2c891cb8
4 verbose user-agent lerna/3.10.5/node@v8.11.4+x64 (darwin)
5 verbose git-describe undefined => "889b87d"
6 silly git-describe parsed => {"refCount":"1","sha":"889b87d","isDirty":false}
7 silly argv { _: [ 'publish' ], composed: 'publish', lernaVersion: '3.10.5' }
8 verbose rootPath /Users/wangyangtao/Documents/workspace/lerna-demo
9 info current version 0.0.0
10 silly isAnythingCommitted
11 verbose isAnythingCommitted 1
12 silly currentBranch
13 verbose currentBranch master
14 silly remoteBranchExists
15 silly isBehindUpstream
16 silly isBehindUpstream master is behind origin/master by 0 commit(s) and ahead by 0
17 silly hasTags
18 verbose hasTags false
19 info Looking for changed packages since initial commit.
20 verbose updated Card
21 verbose git-describe undefined => "889b87d"
22 silly git-describe parsed => {"refCount":"1","sha":"889b87d","isDirty":false}
23 silly batched [ PackageGraphNode {
23 silly batched     name: 'Card',
23 silly batched     externalDependencies: Map { '@babel/core' => [Object], '@babel/preset-env' => [Object] },
23 silly batched     localDependencies: Map {},
23 silly batched     localDependents: Map {} } ]
24 silly lifecycle No script for "preversion" in "root", continuing
25 silly lifecycle No script for "preversion" in "Card", continuing
26 silly lifecycle No script for "version" in "Card", continuing
27 silly lifecycle No script for "version" in "root", continuing
28 silly gitAdd [ '/Users/wangyangtao/Documents/workspace/lerna-demo/packages/Card/package.json',
28 silly gitAdd   '/Users/wangyangtao/Documents/workspace/lerna-demo/lerna.json' ]
29 silly gitCommit v0.0.1
30 verbose git [ 'commit', '-m', 'v0.0.1' ]
31 silly gitTag v0.0.1
32 verbose git [ 'tag', 'v0.0.1', '-m', 'v0.0.1' ]
33 silly lifecycle No script for "postversion" in "Card", continuing
34 silly lifecycle No script for "postversion" in "root", continuing
35 info git Pushing tags...
36 silly gitPush origin master
37 silly batched [ PackageGraphNode {
37 silly batched     name: 'Card',
37 silly batched     externalDependencies: Map {},
37 silly batched     localDependencies: Map {},
37 silly batched     localDependents: Map {} } ]
38 info publish Publishing packages to npm...
39 notice Skipping all user and access validation due to third-party registry
40 notice Make sure you're authenticated properly ¯\_(ツ)_/¯
41 warn ENOLICENSE Packages Card are missing a license
42 silly getCurrentSHA
43 verbose getCurrentSHA a2e91f76a1d937d95e93cf50f18e1a91046d490e
44 silly lifecycle No script for "prepublish" in "root", continuing
45 silly lifecycle No script for "prepare" in "root", continuing
46 silly lifecycle No script for "prepublishOnly" in "root", continuing
47 silly lifecycle No script for "prepack" in "root", continuing
48 verbose pack-directory packages/Card
49 silly lifecycle No script for "prepublish" in "Card", continuing
50 silly lifecycle No script for "prepare" in "Card", continuing
51 silly lifecycle No script for "prepublishOnly" in "Card", continuing
52 silly lifecycle No script for "prepack" in "Card", continuing
53 silly lifecycle No script for "postpack" in "Card", continuing
54 verbose packed Card packages/Card
55 silly lifecycle No script for "postpack" in "root", continuing
56 verbose publish Card
57 http fetch PUT 401 http://bnpm.byted.org/Card 128ms
58 error Error: 401 Unauthorized - PUT http://bnpm.byted.org/Card - unauthorized
58 error     at res.buffer.catch.then.body (/usr/local/lib/node_modules/lerna/node_modules/npm-registry-fetch/check-response.js:104:15)
58 error     at <anonymous>
